26-03-2021 17:34:02:598 udp_client [INFO] : inici client
26-03-2021 17:34:02:600 udp_client [TRACE] : [1] Query for key k1 at localhost:5836
26-03-2021 17:34:02:600 udp_client [INFO] : inici RemoteMapUDPclient.get 
26-03-2021 17:34:02:600 udp_client [TRACE] : key: k1
26-03-2021 17:34:02:600 udp_client [TRACE] : server_address: localhost
26-03-2021 17:34:02:600 udp_client [TRACE] : server_port: 5836
26-03-2021 17:34:02:600 udp_client [TRACE] : [1] RemoteMap(k1): null
26-03-2021 17:34:02:600 udp_client [TRACE] : [2] Query for key k2 at localhost:5838
26-03-2021 17:34:02:600 udp_client [INFO] : inici RemoteMapUDPclient.get 
26-03-2021 17:34:02:600 udp_client [TRACE] : key: k2
26-03-2021 17:34:02:600 udp_client [TRACE] : server_address: localhost
26-03-2021 17:34:02:600 udp_client [TRACE] : server_port: 5838
26-03-2021 17:34:02:600 udp_client [TRACE] : [2] RemoteMap(k2): null
26-03-2021 17:34:02:600 udp_client [TRACE] : [3] Query for key k3 at localhost:5836
26-03-2021 17:34:02:600 udp_client [INFO] : inici RemoteMapUDPclient.get 
26-03-2021 17:34:02:600 udp_client [TRACE] : key: k3
26-03-2021 17:34:02:600 udp_client [TRACE] : server_address: localhost
26-03-2021 17:34:02:600 udp_client [TRACE] : server_port: 5836
26-03-2021 17:34:02:600 udp_client [TRACE] : [3] RemoteMap(k3): null
26-03-2021 17:34:02:600 udp_client [TRACE] : [4] Query for key k4 at localhost:5836
26-03-2021 17:34:02:600 udp_client [INFO] : inici RemoteMapUDPclient.get 
26-03-2021 17:34:02:600 udp_client [TRACE] : key: k4
26-03-2021 17:34:02:600 udp_client [TRACE] : server_address: localhost
26-03-2021 17:34:02:600 udp_client [TRACE] : server_port: 5836
26-03-2021 17:34:02:600 udp_client [TRACE] : [4] RemoteMap(k4): null
26-03-2021 17:34:02:600 udp_client [INFO] : map: {k1=null, k2=null, k3=null, k4=null}
